Build started 9/18/2015 6:55:54 AM.
     1>Project "C:\Users\Ananya_Jana\Desktop\Visual Studio Projects\WireFrame\WireFrame\WireFrame.vcxproj" on node 2 (rebuild target(s)).
     1>InitializeBuildStatus:
         Creating "Debug\WireFrame.unsuccessfulbuild" because "AlwaysCreate" was specified.
       ClCompile:
         c:\Program Files (x86)\Microsoft Visual Studio 10.0\VC\bin\CL.exe /c /ZI /nologo /W3 /WX- /Od /Oy- /D WIN32 /D _DEBUG /D _WINDOWS /D _MBCS /Gm /EHsc /RTC1 /MDd /GS /fp:precise /Zc:wchar_t /Zc:forScope /Fo"Debug\\" /Fd"Debug\vc100.pdb" /Gd /TP /analyze- /errorReport:prompt Information_Page.cpp
         Information_Page.cpp
     1>c:\users\ananya_jana\desktop\visual studio projects\wireframe\wireframe\information_page.cpp(526): warning C4715: 'WndProc' : not all control paths return a value
       ResourceCompile:
         C:\Program Files (x86)\Microsoft SDKs\Windows\v7.0A\bin\rc.exe /l"0x0409" /nologo /fo"Debug\Resource.res" Resource.rc 
       ManifestResourceCompile:
         C:\Program Files (x86)\Microsoft SDKs\Windows\v7.0A\bin\rc.exe /nologo /fo"Debug\WireFrame.exe.embed.manifest.res" Debug\WireFrame_manifest.rc 
       Link:
         c:\Program Files (x86)\Microsoft Visual Studio 10.0\VC\bin\link.exe /ERRORREPORT:PROMPT /OUT:"C:\Users\Ananya_Jana\Desktop\Visual Studio Projects\WireFrame\Debug\WireFrame.exe" /INCREMENTAL /NOLOGO kernel32.lib user32.lib gdi32.lib winspool.lib comdlg32.lib advapi32.lib shell32.lib ole32.lib oleaut32.lib uuid.lib odbc32.lib odbccp32.lib /MANIFEST /ManifestFile:"Debug\WireFrame.exe.intermediate.manifest" /MANIFESTUAC:"level='asInvoker' uiAccess='false'" /DEBUG /PDB:"C:\Users\Ananya_Jana\Desktop\Visual Studio Projects\WireFrame\Debug\WireFrame.pdb" /SUBSYSTEM:WINDOWS /TLBID:1 /DYNAMICBASE /NXCOMPAT /IMPLIB:"C:\Users\Ananya_Jana\Desktop\Visual Studio Projects\WireFrame\Debug\WireFrame.lib" /MACHINE:X86 Debug\Resource.res
         Debug\WireFrame.exe.embed.manifest.res
         Debug\Information_Page.obj
       Manifest:
         Deleting file "Debug\WireFrame.exe.embed.manifest".
         C:\Program Files (x86)\Microsoft SDKs\Windows\v7.0A\bin\mt.exe /nologo /verbose /out:"Debug\WireFrame.exe.embed.manifest" /manifest Debug\WireFrame.exe.intermediate.manifest
         C:\Program Files (x86)\Microsoft SDKs\Windows\v7.0A\bin\rc.exe /nologo /fo"Debug\WireFrame.exe.embed.manifest.res" Debug\WireFrame_manifest.rc 
       LinkEmbedManifest:
         c:\Program Files (x86)\Microsoft Visual Studio 10.0\VC\bin\link.exe /ERRORREPORT:PROMPT /OUT:"C:\Users\Ananya_Jana\Desktop\Visual Studio Projects\WireFrame\Debug\WireFrame.exe" /INCREMENTAL /NOLOGO kernel32.lib user32.lib gdi32.lib winspool.lib comdlg32.lib advapi32.lib shell32.lib ole32.lib oleaut32.lib uuid.lib odbc32.lib odbccp32.lib /MANIFEST /ManifestFile:"Debug\WireFrame.exe.intermediate.manifest" /MANIFESTUAC:"level='asInvoker' uiAccess='false'" /DEBUG /PDB:"C:\Users\Ananya_Jana\Desktop\Visual Studio Projects\WireFrame\Debug\WireFrame.pdb" /SUBSYSTEM:WINDOWS /TLBID:1 /DYNAMICBASE /NXCOMPAT /IMPLIB:"C:\Users\Ananya_Jana\Desktop\Visual Studio Projects\WireFrame\Debug\WireFrame.lib" /MACHINE:X86 Debug\Resource.res
         Debug\WireFrame.exe.embed.manifest.res
         Debug\Information_Page.obj
         WireFrame.vcxproj -> C:\Users\Ananya_Jana\Desktop\Visual Studio Projects\WireFrame\Debug\WireFrame.exe
       FinalizeBuildStatus:
         Deleting file "Debug\WireFrame.unsuccessfulbuild".
         Touching "Debug\WireFrame.lastbuildstate".
     1>Done Building Project "C:\Users\Ananya_Jana\Desktop\Visual Studio Projects\WireFrame\WireFrame\WireFrame.vcxproj" (rebuild target(s)).

Build succeeded.

Time Elapsed 00:00:27.39
